<!DOCTYPE html>

<html>
  <head>
  <meta charset='utf-8'>
  <title>TestNG reports</title>

    <link type="text/css" href="testng-reports.css" rel="stylesheet" />  
    <script type="text/javascript" src="jquery-1.7.1.min.js"></script>
    <script type="text/javascript" src="testng-reports.js"></script>
    <script type="text/javascript" src="https://www.google.com/jsapi"></script>
    <script type='text/javascript'>
      google.load('visualization', '1', {packages:['table']});
      google.setOnLoadCallback(drawTable);
      var suiteTableInitFunctions = new Array();
      var suiteTableData = new Array();
    </script>
    <!--
      <script type="text/javascript" src="jquery-ui/js/jquery-ui-1.8.16.custom.min.js"></script>
     -->
  </head>

  <body>
    <div class="top-banner-root">
      <span class="top-banner-title-font">Test results</span>
      <br/>
      <span class="top-banner-font-1">1 suite, 4 failed tests</span>
    </div> <!-- top-banner-root -->
    <div class="navigator-root">
      <div class="navigator-suite-header">
        <span>All suites</span>
        <a href="#" class="collapse-all-link" title="Collapse/expand all the suites">
          <img class="collapse-all-icon" src="collapseall.gif">
          </img> <!-- collapse-all-icon -->
        </a> <!-- collapse-all-link -->
      </div> <!-- navigator-suite-header -->
      <div class="suite">
        <div class="rounded-window">
          <div class="suite-header light-rounded-window-top">
            <a href="#" class="navigator-link" panel-name="suite-My_Sample_Suite">
              <span class="suite-name border-failed">My Sample Suite</span>
            </a> <!-- navigator-link -->
          </div> <!-- suite-header light-rounded-window-top -->
          <div class="navigator-suite-content">
            <div class="suite-section-title">
              <span>Info</span>
            </div> <!-- suite-section-title -->
            <div class="suite-section-content">
              <ul>
                <li>
                  <a href="#" class="navigator-link " panel-name="test-xml-My_Sample_Suite">
                    <span>F:\Selenium_Maven\Project_Directory\MAM_UKMA_SMS\src\test\resources\testng.xml</span>
                  </a> <!-- navigator-link  -->
                </li>
                <li>
                  <a href="#" class="navigator-link " panel-name="testlist-My_Sample_Suite">
                    <span class="test-stats">4 tests</span>
                  </a> <!-- navigator-link  -->
                </li>
                <li>
                  <a href="#" class="navigator-link " panel-name="group-My_Sample_Suite">
                    <span>0 groups</span>
                  </a> <!-- navigator-link  -->
                </li>
                <li>
                  <a href="#" class="navigator-link " panel-name="times-My_Sample_Suite">
                    <span>Times</span>
                  </a> <!-- navigator-link  -->
                </li>
                <li>
                  <a href="#" class="navigator-link " panel-name="reporter-My_Sample_Suite">
                    <span>Reporter output</span>
                  </a> <!-- navigator-link  -->
                </li>
                <li>
                  <a href="#" class="navigator-link " panel-name="ignored-methods-My_Sample_Suite">
                    <span>Ignored methods</span>
                  </a> <!-- navigator-link  -->
                </li>
                <li>
                  <a href="#" class="navigator-link " panel-name="chronological-My_Sample_Suite">
                    <span>Chronological view</span>
                  </a> <!-- navigator-link  -->
                </li>
              </ul>
            </div> <!-- suite-section-content -->
            <div class="result-section">
              <div class="suite-section-title">
                <span>Results</span>
              </div> <!-- suite-section-title -->
              <div class="suite-section-content">
                <ul>
                  <li>
                    <span class="method-stats">10 methods, 4 failed,  6 skipped,  </span>
                  </li>
                  <li>
                    <span class="method-list-title failed">Failed methods</span>
                    <span class="show-or-hide-methods failed">
                      <a href="#" panel-name="suite-My_Sample_Suite" class="hide-methods failed suite-My_Sample_Suite"> (hide)</a> <!-- hide-methods failed suite-My_Sample_Suite -->
                      <a href="#" panel-name="suite-My_Sample_Suite" class="show-methods failed suite-My_Sample_Suite"> (show)</a> <!-- show-methods failed suite-My_Sample_Suite -->
                    </span>
                    <div class="method-list-content failed suite-My_Sample_Suite">
                      <span>
                        <img width="3%" src="failed.png"/>
                        <a href="#" class="method navigator-link" panel-name="suite-My_Sample_Suite" title="mam.ukma.com.testcases.JobTest" hash-for-method="createNewJob(Y, Chrome, Domestic Transactional, Install, 1111110014, , Job Created Successfully!)">createNewJob(Y, Chrome, Domestic Transactional, Install, 1111110014, , Job Created Successfully!)</a> <!-- method navigator-link -->
                      </span>
                      <br/>
                      <span>
                        <img width="3%" src="failed.png"/>
                        <a href="#" class="method navigator-link" panel-name="suite-My_Sample_Suite" title="mam.ukma.com.testcases.LoginTest" hash-for-method="invalidLoginTest(y, Chrome, FMcNeil, random@123, Your account is temporary locked due to multiple login attempts. To ...)">invalidLoginTest(y, Chrome, FMcNeil, random@123, Your account is temporary locked due to multiple login attempts. To ...)</a> <!-- method navigator-link -->
                      </span>
                      <br/>
                      <span>
                        <img width="3%" src="failed.png"/>
                        <a href="#" class="method navigator-link" panel-name="suite-My_Sample_Suite" title="mam.ukma.com.testcases.LoginTest" hash-for-method="invalidLoginTest(Y, Chrome, Culprit, random@123, * Invalid Username or Password!)">invalidLoginTest(Y, Chrome, Culprit, random@123, * Invalid Username or Password!)</a> <!-- method navigator-link -->
                      </span>
                      <br/>
                      <span>
                        <img width="3%" src="failed.png"/>
                        <a href="#" class="method navigator-link" panel-name="suite-My_Sample_Suite" title="mam.ukma.com.testcases.LoginTest" hash-for-method="invalidLoginTest(Y, Chrome, Admin, Globrin@313, SMS plc - Meter Assets)">invalidLoginTest(Y, Chrome, Admin, Globrin@313, SMS plc - Meter Assets)</a> <!-- method navigator-link -->
                      </span>
                      <br/>
                    </div> <!-- method-list-content failed suite-My_Sample_Suite -->
                  </li>
                  <li>
                    <span class="method-list-title skipped">Skipped methods</span>
                    <span class="show-or-hide-methods skipped">
                      <a href="#" panel-name="suite-My_Sample_Suite" class="hide-methods skipped suite-My_Sample_Suite"> (hide)</a> <!-- hide-methods skipped suite-My_Sample_Suite -->
                      <a href="#" panel-name="suite-My_Sample_Suite" class="show-methods skipped suite-My_Sample_Suite"> (show)</a> <!-- show-methods skipped suite-My_Sample_Suite -->
                    </span>
                    <div class="method-list-content skipped suite-My_Sample_Suite">
                      <span>
                        <img width="3%" src="skipped.png"/>
                        <a href="#" class="method navigator-link" panel-name="suite-My_Sample_Suite" title="mam.ukma.com.testcases.JobTest" hash-for-method="createNewJob(N, Chrome, Domestic Transactional, Remove, 1000000014, , * Cannot remove meter as the meter does not...)">createNewJob(N, Chrome, Domestic Transactional, Remove, 1000000014, , * Cannot remove meter as the meter does not...)</a> <!-- method navigator-link -->
                      </span>
                      <br/>
                      <span>
                        <img width="3%" src="skipped.png"/>
                        <a href="#" class="method navigator-link" panel-name="suite-My_Sample_Suite" title="mam.ukma.com.testcases.JobTest" hash-for-method="createNewJob(N, Chrome, Domestic Transactional, Relocation, 1000000014, , Relocation can be done only with UKMA m...)">createNewJob(N, Chrome, Domestic Transactional, Relocation, 1000000014, , Relocation can be done only with UKMA m...)</a> <!-- method navigator-link -->
                      </span>
                      <br/>
                      <span>
                        <img width="3%" src="skipped.png"/>
                        <a href="#" class="method navigator-link" panel-name="suite-My_Sample_Suite" title="mam.ukma.com.testcases.JobTest" hash-for-method="createNewJob(N, Chrome, Domestic Transactional, Relocation, 1011100014, , Relocation can be done only with UKMA m...)">createNewJob(N, Chrome, Domestic Transactional, Relocation, 1011100014, , Relocation can be done only with UKMA m...)</a> <!-- method navigator-link -->
                      </span>
                      <br/>
                      <span>
                        <img width="3%" src="skipped.png"/>
                        <a href="#" class="method navigator-link" panel-name="suite-My_Sample_Suite" title="mam.ukma.com.testcases.JobTest" hash-for-method="createNewJob(N, Chrome, Domestic Transactional, Relocation_And_Exchange, 1000000014, , * Cannot relocate &amp; exchan...)">createNewJob(N, Chrome, Domestic Transactional, Relocation_And_Exchange, 1000000014, , * Cannot relocate & exchan...)</a> <!-- method navigator-link -->
                      </span>
                      <br/>
                      <span>
                        <img width="3%" src="skipped.png"/>
                        <a href="#" class="method navigator-link" panel-name="suite-My_Sample_Suite" title="mam.ukma.com.testcases.JobTest" hash-for-method="createNewJob(N, Chrome, Domestic Transactional, Exchange, 1000000014, , * Cannot exchange meter as there is no ex...)">createNewJob(N, Chrome, Domestic Transactional, Exchange, 1000000014, , * Cannot exchange meter as there is no ex...)</a> <!-- method navigator-link -->
                      </span>
                      <br/>
                      <span>
                        <img width="3%" src="skipped.png"/>
                        <a href="#" class="method navigator-link" panel-name="suite-My_Sample_Suite" title="mam.ukma.com.testcases.JobTest" hash-for-method="createNewJob(N, Chrome, Domestic Transactional, Install, 5656555454, , * A Meter is already installed on this met...)">createNewJob(N, Chrome, Domestic Transactional, Install, 5656555454, , * A Meter is already installed on this met...)</a> <!-- method navigator-link -->
                      </span>
                      <br/>
                    </div> <!-- method-list-content skipped suite-My_Sample_Suite -->
                  </li>
                </ul>
              </div> <!-- suite-section-content -->
            </div> <!-- result-section -->
          </div> <!-- navigator-suite-content -->
        </div> <!-- rounded-window -->
      </div> <!-- suite -->
    </div> <!-- navigator-root -->
    <div class="wrapper">
      <div class="main-panel-root">
        <div panel-name="suite-My_Sample_Suite" class="panel My_Sample_Suite">
          <div class="suite-My_Sample_Suite-class-failed">
            <div class="main-panel-header rounded-window-top">
              <img src="failed.png"/>
              <span class="class-name">mam.ukma.com.testcases.JobTest</span>
            </div> <!-- main-panel-header rounded-window-top -->
            <div class="main-panel-content rounded-window-bottom">
              <div class="method">
                <div class="method-content">
                  <a name="createNewJob(Y, Chrome, Domestic Transactional, Install, 1111110014, , Job Created Successfully!)">
                  </a> <!-- createNewJob(Y, Chrome, Domestic Transactional, Install, 1111110014, , Job Created Successfully!) -->
                  <span class="method-name">createNewJob</span>
                  <span class="parameters">(Y, Chrome, Domestic Transactional, Install, 1111110014, , Job Created Successfully!)</span>
                  <div class="stack-trace">org.openqa.selenium.SessionNotCreatedException: session not created exception
from unknown error: Runtime.executionContextCreated has invalid &apos;context&apos;: {&quot;auxData&quot;:{&quot;frameId&quot;:&quot;788.1&quot;,&quot;isDefault&quot;:true},&quot;id&quot;:1,&quot;name&quot;:&quot;&quot;,&quot;origin&quot;:&quot;chrome-extension://aapnijgdinlhnhlmodcfapnahmbfebeb&quot;}
  (Session info: chrome=55.0.2883.87)
  (Driver info: chromedriver=2.20.353145 (343b531d31eeb933ec778dbcf7081628a1396067),platform=Windows NT 6.3 x86_64) (WARNING: The server did not provide any stacktrace information)
Command duration or timeout: 37.34 seconds
Build info: version: &apos;2.49.0&apos;, revision: &apos;365eeb44deba2067b1761c8862ef21d55250e063&apos;, time: &apos;2016-01-13 11:57:39&apos;
System info: host: &apos;hp&apos;, ip: &apos;192.168.0.125&apos;, os.name: &apos;Windows 8.1&apos;, os.arch: &apos;amd64&apos;, os.version: &apos;6.3&apos;, java.version: &apos;1.8.0_60&apos;
Driver info: org.openqa.selenium.chrome.ChromeDriver
	at org.openqa.selenium.remote.ErrorHandler.createThrowable(ErrorHandler.java:206)
	at org.openqa.selenium.remote.ErrorHandler.throwIfResponseFailed(ErrorHandler.java:158)
	at org.openqa.selenium.remote.RemoteWebDriver.execute(RemoteWebDriver.java:678)
	at org.openqa.selenium.remote.RemoteWebDriver.startSession(RemoteWebDriver.java:249)
	at org.openqa.selenium.remote.RemoteWebDriver.&lt;init&gt;(RemoteWebDriver.java:131)
	at org.openqa.selenium.remote.RemoteWebDriver.&lt;init&gt;(RemoteWebDriver.java:144)
	at org.openqa.selenium.chrome.ChromeDriver.&lt;init&gt;(ChromeDriver.java:170)
	at org.openqa.selenium.chrome.ChromeDriver.&lt;init&gt;(ChromeDriver.java:159)
	at org.openqa.selenium.chrome.ChromeDriver.&lt;init&gt;(ChromeDriver.java:116)
	at mam.ukma.com.testcases.BaseTest.launchBrowser(BaseTest.java:27)
	at mam.ukma.com.testcases.JobTest.createNewJob(JobTest.java:34)
	at java.util.concurrent.FutureTask.run(FutureTask.java:266)
	at java.util.concurrent.ThreadPoolExecutor.runWorker(ThreadPoolExecutor.java:1142)
	at java.util.concurrent.ThreadPoolExecutor$Worker.run(ThreadPoolExecutor.java:617)
	at java.lang.Thread.run(Thread.java:745)
... Removed 20 stack frames
</div> <!-- stack-trace -->
                </div> <!-- method-content -->
              </div> <!-- method -->
            </div> <!-- main-panel-content rounded-window-bottom -->
          </div> <!-- suite-My_Sample_Suite-class-failed -->
          <div class="suite-My_Sample_Suite-class-failed">
            <div class="main-panel-header rounded-window-top">
              <img src="failed.png"/>
              <span class="class-name">mam.ukma.com.testcases.LoginTest</span>
            </div> <!-- main-panel-header rounded-window-top -->
            <div class="main-panel-content rounded-window-bottom">
              <div class="method">
                <div class="method-content">
                  <a name="invalidLoginTest(y, Chrome, FMcNeil, random@123, Your account is temporary locked due to multiple login attempts. To ...)">
                  </a> <!-- invalidLoginTest(y, Chrome, FMcNeil, random@123, Your account is temporary locked due to multiple login attempts. To ...) -->
                  <span class="method-name">invalidLoginTest</span>
                  <span class="parameters">(y, Chrome, FMcNeil, random@123, Your account is temporary locked due to multiple login attempts. To unlock your account please contact system administrator.)</span>
                  <div class="stack-trace">org.openqa.selenium.remote.UnreachableBrowserException: Could not start a new session. Possible causes are invalid address of the remote server or browser start-up failure.
Build info: version: &apos;2.49.0&apos;, revision: &apos;365eeb44deba2067b1761c8862ef21d55250e063&apos;, time: &apos;2016-01-13 11:57:39&apos;
System info: host: &apos;hp&apos;, ip: &apos;192.168.0.125&apos;, os.name: &apos;Windows 8.1&apos;, os.arch: &apos;amd64&apos;, os.version: &apos;6.3&apos;, java.version: &apos;1.8.0_60&apos;
Driver info: driver.version: ChromeDriver
	at org.openqa.selenium.remote.RemoteWebDriver.execute(RemoteWebDriver.java:665)
	at org.openqa.selenium.remote.RemoteWebDriver.startSession(RemoteWebDriver.java:249)
	at org.openqa.selenium.remote.RemoteWebDriver.&lt;init&gt;(RemoteWebDriver.java:131)
	at org.openqa.selenium.remote.RemoteWebDriver.&lt;init&gt;(RemoteWebDriver.java:144)
	at org.openqa.selenium.chrome.ChromeDriver.&lt;init&gt;(ChromeDriver.java:170)
	at org.openqa.selenium.chrome.ChromeDriver.&lt;init&gt;(ChromeDriver.java:159)
	at org.openqa.selenium.chrome.ChromeDriver.&lt;init&gt;(ChromeDriver.java:116)
	at mam.ukma.com.testcases.BaseTest.launchBrowser(BaseTest.java:27)
	at mam.ukma.com.testcases.LoginTest.invalidLoginTest(LoginTest.java:29)
	at java.util.concurrent.FutureTask.run(FutureTask.java:266)
	at java.util.concurrent.ThreadPoolExecutor.runWorker(ThreadPoolExecutor.java:1142)
	at java.util.concurrent.ThreadPoolExecutor$Worker.run(ThreadPoolExecutor.java:617)
	at java.lang.Thread.run(Thread.java:745)
Caused by: org.openqa.selenium.WebDriverException: java.net.SocketException: Connection reset
Build info: version: &apos;2.49.0&apos;, revision: &apos;365eeb44deba2067b1761c8862ef21d55250e063&apos;, time: &apos;2016-01-13 11:57:39&apos;
System info: host: &apos;hp&apos;, ip: &apos;192.168.0.125&apos;, os.name: &apos;Windows 8.1&apos;, os.arch: &apos;amd64&apos;, os.version: &apos;6.3&apos;, java.version: &apos;1.8.0_60&apos;
Driver info: driver.version: ChromeDriver
	at org.openqa.selenium.remote.service.DriverCommandExecutor.execute(DriverCommandExecutor.java:91)
	at org.openqa.selenium.remote.RemoteWebDriver.execute(RemoteWebDriver.java:644)
	... 28 more
Caused by: java.net.SocketException: Connection reset
	at java.net.SocketInputStream.read(SocketInputStream.java:209)
	at java.net.SocketInputStream.read(SocketInputStream.java:141)
	at org.apache.http.impl.conn.LoggingInputStream.read(LoggingInputStream.java:87)
	at org.apache.http.impl.io.SessionInputBufferImpl.streamRead(SessionInputBufferImpl.java:139)
	at org.apache.http.impl.io.SessionInputBufferImpl.fillBuffer(SessionInputBufferImpl.java:155)
	at org.apache.http.impl.io.SessionInputBufferImpl.readLine(SessionInputBufferImpl.java:284)
	at org.apache.http.impl.conn.DefaultHttpResponseParser.parseHead(DefaultHttpResponseParser.java:140)
	at org.apache.http.impl.conn.DefaultHttpResponseParser.parseHead(DefaultHttpResponseParser.java:57)
	at org.apache.http.impl.io.AbstractMessageParser.parse(AbstractMessageParser.java:261)
	at org.apache.http.impl.DefaultBHttpClientConnection.receiveResponseHeader(DefaultBHttpClientConnection.java:165)
	at org.apache.http.impl.conn.CPoolProxy.receiveResponseHeader(CPoolProxy.java:167)
	at org.apache.http.protocol.HttpRequestExecutor.doReceiveResponse(HttpRequestExecutor.java:272)
	at org.apache.http.protocol.HttpRequestExecutor.execute(HttpRequestExecutor.java:124)
	at org.apache.http.impl.execchain.MainClientExec.execute(MainClientExec.java:271)
	at org.apache.http.impl.execchain.ProtocolExec.execute(ProtocolExec.java:184)
	at org.apache.http.impl.execchain.RetryExec.execute(RetryExec.java:88)
	at org.apache.http.impl.execchain.RedirectExec.execute(RedirectExec.java:110)
	at org.apache.http.impl.client.InternalHttpClient.doExecute(InternalHttpClient.java:184)
	at org.apache.http.impl.client.CloseableHttpClient.execute(CloseableHttpClient.java:71)
	at org.apache.http.impl.client.CloseableHttpClient.execute(CloseableHttpClient.java:55)
	at org.openqa.selenium.remote.internal.ApacheHttpClient.fallBackExecute(ApacheHttpClient.java:143)
	at org.openqa.selenium.remote.internal.ApacheHttpClient.execute(ApacheHttpClient.java:89)
	at org.openqa.selenium.remote.HttpCommandExecutor.execute(HttpCommandExecutor.java:142)
	at org.openqa.selenium.remote.service.DriverCommandExecutor.execute(DriverCommandExecutor.java:82)
	... 29 more
... Removed 16 stack frames
</div> <!-- stack-trace -->
                </div> <!-- method-content -->
              </div> <!-- method -->
              <div class="method">
                <div class="method-content">
                  <a name="invalidLoginTest(Y, Chrome, Culprit, random@123, * Invalid Username or Password!)">
                  </a> <!-- invalidLoginTest(Y, Chrome, Culprit, random@123, * Invalid Username or Password!) -->
                  <span class="method-name">invalidLoginTest</span>
                  <span class="parameters">(Y, Chrome, Culprit, random@123, * Invalid Username or Password!)</span>
                  <div class="stack-trace">org.openqa.selenium.remote.UnreachableBrowserException: Could not start a new session. Possible causes are invalid address of the remote server or browser start-up failure.
Build info: version: &apos;2.49.0&apos;, revision: &apos;365eeb44deba2067b1761c8862ef21d55250e063&apos;, time: &apos;2016-01-13 11:57:39&apos;
System info: host: &apos;hp&apos;, ip: &apos;192.168.0.125&apos;, os.name: &apos;Windows 8.1&apos;, os.arch: &apos;amd64&apos;, os.version: &apos;6.3&apos;, java.version: &apos;1.8.0_60&apos;
Driver info: driver.version: ChromeDriver
	at org.openqa.selenium.remote.RemoteWebDriver.execute(RemoteWebDriver.java:665)
	at org.openqa.selenium.remote.RemoteWebDriver.startSession(RemoteWebDriver.java:249)
	at org.openqa.selenium.remote.RemoteWebDriver.&lt;init&gt;(RemoteWebDriver.java:131)
	at org.openqa.selenium.remote.RemoteWebDriver.&lt;init&gt;(RemoteWebDriver.java:144)
	at org.openqa.selenium.chrome.ChromeDriver.&lt;init&gt;(ChromeDriver.java:170)
	at org.openqa.selenium.chrome.ChromeDriver.&lt;init&gt;(ChromeDriver.java:159)
	at org.openqa.selenium.chrome.ChromeDriver.&lt;init&gt;(ChromeDriver.java:116)
	at mam.ukma.com.testcases.BaseTest.launchBrowser(BaseTest.java:27)
	at mam.ukma.com.testcases.LoginTest.invalidLoginTest(LoginTest.java:29)
	at java.util.concurrent.FutureTask.run(FutureTask.java:266)
	at java.util.concurrent.ThreadPoolExecutor.runWorker(ThreadPoolExecutor.java:1142)
	at java.util.concurrent.ThreadPoolExecutor$Worker.run(ThreadPoolExecutor.java:617)
	at java.lang.Thread.run(Thread.java:745)
Caused by: org.openqa.selenium.WebDriverException: java.net.SocketException: Connection reset
Build info: version: &apos;2.49.0&apos;, revision: &apos;365eeb44deba2067b1761c8862ef21d55250e063&apos;, time: &apos;2016-01-13 11:57:39&apos;
System info: host: &apos;hp&apos;, ip: &apos;192.168.0.125&apos;, os.name: &apos;Windows 8.1&apos;, os.arch: &apos;amd64&apos;, os.version: &apos;6.3&apos;, java.version: &apos;1.8.0_60&apos;
Driver info: driver.version: ChromeDriver
	at org.openqa.selenium.remote.service.DriverCommandExecutor.execute(DriverCommandExecutor.java:91)
	at org.openqa.selenium.remote.RemoteWebDriver.execute(RemoteWebDriver.java:644)
	... 28 more
Caused by: java.net.SocketException: Connection reset
	at java.net.SocketInputStream.read(SocketInputStream.java:209)
	at java.net.SocketInputStream.read(SocketInputStream.java:141)
	at org.apache.http.impl.conn.LoggingInputStream.read(LoggingInputStream.java:87)
	at org.apache.http.impl.io.SessionInputBufferImpl.streamRead(SessionInputBufferImpl.java:139)
	at org.apache.http.impl.io.SessionInputBufferImpl.fillBuffer(SessionInputBufferImpl.java:155)
	at org.apache.http.impl.io.SessionInputBufferImpl.readLine(SessionInputBufferImpl.java:284)
	at org.apache.http.impl.conn.DefaultHttpResponseParser.parseHead(DefaultHttpResponseParser.java:140)
	at org.apache.http.impl.conn.DefaultHttpResponseParser.parseHead(DefaultHttpResponseParser.java:57)
	at org.apache.http.impl.io.AbstractMessageParser.parse(AbstractMessageParser.java:261)
	at org.apache.http.impl.DefaultBHttpClientConnection.receiveResponseHeader(DefaultBHttpClientConnection.java:165)
	at org.apache.http.impl.conn.CPoolProxy.receiveResponseHeader(CPoolProxy.java:167)
	at org.apache.http.protocol.HttpRequestExecutor.doReceiveResponse(HttpRequestExecutor.java:272)
	at org.apache.http.protocol.HttpRequestExecutor.execute(HttpRequestExecutor.java:124)
	at org.apache.http.impl.execchain.MainClientExec.execute(MainClientExec.java:271)
	at org.apache.http.impl.execchain.ProtocolExec.execute(ProtocolExec.java:184)
	at org.apache.http.impl.execchain.RetryExec.execute(RetryExec.java:88)
	at org.apache.http.impl.execchain.RedirectExec.execute(RedirectExec.java:110)
	at org.apache.http.impl.client.InternalHttpClient.doExecute(InternalHttpClient.java:184)
	at org.apache.http.impl.client.CloseableHttpClient.execute(CloseableHttpClient.java:71)
	at org.apache.http.impl.client.CloseableHttpClient.execute(CloseableHttpClient.java:55)
	at org.openqa.selenium.remote.internal.ApacheHttpClient.fallBackExecute(ApacheHttpClient.java:143)
	at org.openqa.selenium.remote.internal.ApacheHttpClient.execute(ApacheHttpClient.java:89)
	at org.openqa.selenium.remote.HttpCommandExecutor.execute(HttpCommandExecutor.java:142)
	at org.openqa.selenium.remote.service.DriverCommandExecutor.execute(DriverCommandExecutor.java:82)
	... 29 more
... Removed 16 stack frames
</div> <!-- stack-trace -->
                </div> <!-- method-content -->
              </div> <!-- method -->
              <div class="method">
                <div class="method-content">
                  <a name="invalidLoginTest(Y, Chrome, Admin, Globrin@313, SMS plc - Meter Assets)">
                  </a> <!-- invalidLoginTest(Y, Chrome, Admin, Globrin@313, SMS plc - Meter Assets) -->
                  <span class="method-name">invalidLoginTest</span>
                  <span class="parameters">(Y, Chrome, Admin, Globrin@313, SMS plc - Meter Assets)</span>
                  <div class="stack-trace">org.openqa.selenium.SessionNotCreatedException: session not created exception
from unknown error: Runtime.executionContextCreated has invalid &apos;context&apos;: {&quot;auxData&quot;:{&quot;frameId&quot;:&quot;14408.1&quot;,&quot;isDefault&quot;:true},&quot;id&quot;:1,&quot;name&quot;:&quot;&quot;,&quot;origin&quot;:&quot;chrome-extension://aapnijgdinlhnhlmodcfapnahmbfebeb&quot;}
  (Session info: chrome=55.0.2883.87)
  (Driver info: chromedriver=2.20.353145 (343b531d31eeb933ec778dbcf7081628a1396067),platform=Windows NT 6.3 x86_64) (WARNING: The server did not provide any stacktrace information)
Command duration or timeout: 40.88 seconds
Build info: version: &apos;2.49.0&apos;, revision: &apos;365eeb44deba2067b1761c8862ef21d55250e063&apos;, time: &apos;2016-01-13 11:57:39&apos;
System info: host: &apos;hp&apos;, ip: &apos;192.168.0.125&apos;, os.name: &apos;Windows 8.1&apos;, os.arch: &apos;amd64&apos;, os.version: &apos;6.3&apos;, java.version: &apos;1.8.0_60&apos;
Driver info: org.openqa.selenium.chrome.ChromeDriver
	at org.openqa.selenium.remote.ErrorHandler.createThrowable(ErrorHandler.java:206)
	at org.openqa.selenium.remote.ErrorHandler.throwIfResponseFailed(ErrorHandler.java:158)
	at org.openqa.selenium.remote.RemoteWebDriver.execute(RemoteWebDriver.java:678)
	at org.openqa.selenium.remote.RemoteWebDriver.startSession(RemoteWebDriver.java:249)
	at org.openqa.selenium.remote.RemoteWebDriver.&lt;init&gt;(RemoteWebDriver.java:131)
	at org.openqa.selenium.remote.RemoteWebDriver.&lt;init&gt;(RemoteWebDriver.java:144)
	at org.openqa.selenium.chrome.ChromeDriver.&lt;init&gt;(ChromeDriver.java:170)
	at org.openqa.selenium.chrome.ChromeDriver.&lt;init&gt;(ChromeDriver.java:159)
	at org.openqa.selenium.chrome.ChromeDriver.&lt;init&gt;(ChromeDriver.java:116)
	at mam.ukma.com.testcases.BaseTest.launchBrowser(BaseTest.java:27)
	at mam.ukma.com.testcases.LoginTest.invalidLoginTest(LoginTest.java:29)
	at java.util.concurrent.FutureTask.run(FutureTask.java:266)
	at java.util.concurrent.ThreadPoolExecutor.runWorker(ThreadPoolExecutor.java:1142)
	at java.util.concurrent.ThreadPoolExecutor$Worker.run(ThreadPoolExecutor.java:617)
	at java.lang.Thread.run(Thread.java:745)
... Removed 20 stack frames
</div> <!-- stack-trace -->
                </div> <!-- method-content -->
              </div> <!-- method -->
            </div> <!-- main-panel-content rounded-window-bottom -->
          </div> <!-- suite-My_Sample_Suite-class-failed -->
          <div class="suite-My_Sample_Suite-class-skipped">
            <div class="main-panel-header rounded-window-top">
              <img src="skipped.png"/>
              <span class="class-name">mam.ukma.com.testcases.JobTest</span>
            </div> <!-- main-panel-header rounded-window-top -->
            <div class="main-panel-content rounded-window-bottom">
              <div class="method">
                <div class="method-content">
                  <a name="createNewJob(N, Chrome, Domestic Transactional, Remove, 1000000014, , * Cannot remove meter as the meter does not...)">
                  </a> <!-- createNewJob(N, Chrome, Domestic Transactional, Remove, 1000000014, , * Cannot remove meter as the meter does not...) -->
                  <span class="method-name">createNewJob</span>
                  <span class="parameters">(N, Chrome, Domestic Transactional, Remove, 1000000014, , * Cannot remove meter as the meter does not exist on this meter point.)</span>
                  <div class="stack-trace">org.testng.SkipException: Test Case is not runnable!
	at mam.ukma.com.testcases.JobTest.createNewJob(JobTest.java:33)
	at java.util.concurrent.FutureTask.run(FutureTask.java:266)
	at java.util.concurrent.ThreadPoolExecutor.runWorker(ThreadPoolExecutor.java:1142)
	at java.util.concurrent.ThreadPoolExecutor$Worker.run(ThreadPoolExecutor.java:617)
	at java.lang.Thread.run(Thread.java:745)
... Removed 16 stack frames
</div> <!-- stack-trace -->
                </div> <!-- method-content -->
              </div> <!-- method -->
              <div class="method">
                <div class="method-content">
                  <a name="createNewJob(N, Chrome, Domestic Transactional, Relocation, 1000000014, , Relocation can be done only with UKMA m...)">
                  </a> <!-- createNewJob(N, Chrome, Domestic Transactional, Relocation, 1000000014, , Relocation can be done only with UKMA m...) -->
                  <span class="method-name">createNewJob</span>
                  <span class="parameters">(N, Chrome, Domestic Transactional, Relocation, 1000000014, , Relocation can be done only with UKMA meters. Please change work type to Relocation & Exchange!)</span>
                  <div class="stack-trace">org.testng.SkipException: Test Case is not runnable!
	at mam.ukma.com.testcases.JobTest.createNewJob(JobTest.java:33)
	at java.util.concurrent.FutureTask.run(FutureTask.java:266)
	at java.util.concurrent.ThreadPoolExecutor.runWorker(ThreadPoolExecutor.java:1142)
	at java.util.concurrent.ThreadPoolExecutor$Worker.run(ThreadPoolExecutor.java:617)
	at java.lang.Thread.run(Thread.java:745)
... Removed 16 stack frames
</div> <!-- stack-trace -->
                </div> <!-- method-content -->
              </div> <!-- method -->
              <div class="method">
                <div class="method-content">
                  <a name="createNewJob(N, Chrome, Domestic Transactional, Relocation, 1011100014, , Relocation can be done only with UKMA m...)">
                  </a> <!-- createNewJob(N, Chrome, Domestic Transactional, Relocation, 1011100014, , Relocation can be done only with UKMA m...) -->
                  <span class="method-name">createNewJob</span>
                  <span class="parameters">(N, Chrome, Domestic Transactional, Relocation, 1011100014, , Relocation can be done only with UKMA meters. Please change work type to Relocation & Exchange!)</span>
                  <div class="stack-trace">org.testng.SkipException: Test Case is not runnable!
	at mam.ukma.com.testcases.JobTest.createNewJob(JobTest.java:33)
	at java.util.concurrent.FutureTask.run(FutureTask.java:266)
	at java.util.concurrent.ThreadPoolExecutor.runWorker(ThreadPoolExecutor.java:1142)
	at java.util.concurrent.ThreadPoolExecutor$Worker.run(ThreadPoolExecutor.java:617)
	at java.lang.Thread.run(Thread.java:745)
... Removed 16 stack frames
</div> <!-- stack-trace -->
                </div> <!-- method-content -->
              </div> <!-- method -->
              <div class="method">
                <div class="method-content">
                  <a name="createNewJob(N, Chrome, Domestic Transactional, Relocation_And_Exchange, 1000000014, , * Cannot relocate &amp; exchan...)">
                  </a> <!-- createNewJob(N, Chrome, Domestic Transactional, Relocation_And_Exchange, 1000000014, , * Cannot relocate & exchan...) -->
                  <span class="method-name">createNewJob</span>
                  <span class="parameters">(N, Chrome, Domestic Transactional, Relocation_And_Exchange, 1000000014, , * Cannot relocate & exchange meter as there is no existing meter on this meter point.)</span>
                  <div class="stack-trace">org.testng.SkipException: Test Case is not runnable!
	at mam.ukma.com.testcases.JobTest.createNewJob(JobTest.java:33)
	at java.util.concurrent.FutureTask.run(FutureTask.java:266)
	at java.util.concurrent.ThreadPoolExecutor.runWorker(ThreadPoolExecutor.java:1142)
	at java.util.concurrent.ThreadPoolExecutor$Worker.run(ThreadPoolExecutor.java:617)
	at java.lang.Thread.run(Thread.java:745)
... Removed 16 stack frames
</div> <!-- stack-trace -->
                </div> <!-- method-content -->
              </div> <!-- method -->
              <div class="method">
                <div class="method-content">
                  <a name="createNewJob(N, Chrome, Domestic Transactional, Exchange, 1000000014, , * Cannot exchange meter as there is no ex...)">
                  </a> <!-- createNewJob(N, Chrome, Domestic Transactional, Exchange, 1000000014, , * Cannot exchange meter as there is no ex...) -->
                  <span class="method-name">createNewJob</span>
                  <span class="parameters">(N, Chrome, Domestic Transactional, Exchange, 1000000014, , * Cannot exchange meter as there is no existing meter on this meter point.)</span>
                  <div class="stack-trace">org.testng.SkipException: Test Case is not runnable!
	at mam.ukma.com.testcases.JobTest.createNewJob(JobTest.java:33)
	at java.util.concurrent.FutureTask.run(FutureTask.java:266)
	at java.util.concurrent.ThreadPoolExecutor.runWorker(ThreadPoolExecutor.java:1142)
	at java.util.concurrent.ThreadPoolExecutor$Worker.run(ThreadPoolExecutor.java:617)
	at java.lang.Thread.run(Thread.java:745)
... Removed 16 stack frames
</div> <!-- stack-trace -->
                </div> <!-- method-content -->
              </div> <!-- method -->
              <div class="method">
                <div class="method-content">
                  <a name="createNewJob(N, Chrome, Domestic Transactional, Install, 5656555454, , * A Meter is already installed on this met...)">
                  </a> <!-- createNewJob(N, Chrome, Domestic Transactional, Install, 5656555454, , * A Meter is already installed on this met...) -->
                  <span class="method-name">createNewJob</span>
                  <span class="parameters">(N, Chrome, Domestic Transactional, Install, 5656555454, , * A Meter is already installed on this meter point.)</span>
                  <div class="stack-trace">org.testng.SkipException: Test Case is not runnable!
	at mam.ukma.com.testcases.JobTest.createNewJob(JobTest.java:33)
	at java.util.concurrent.FutureTask.run(FutureTask.java:266)
	at java.util.concurrent.ThreadPoolExecutor.runWorker(ThreadPoolExecutor.java:1142)
	at java.util.concurrent.ThreadPoolExecutor$Worker.run(ThreadPoolExecutor.java:617)
	at java.lang.Thread.run(Thread.java:745)
... Removed 16 stack frames
</div> <!-- stack-trace -->
                </div> <!-- method-content -->
              </div> <!-- method -->
            </div> <!-- main-panel-content rounded-window-bottom -->
          </div> <!-- suite-My_Sample_Suite-class-skipped -->
        </div> <!-- panel My_Sample_Suite -->
        <div panel-name="test-xml-My_Sample_Suite" class="panel">
          <div class="main-panel-header rounded-window-top">
            <span class="header-content">F:\Selenium_Maven\Project_Directory\MAM_UKMA_SMS\src\test\resources\testng.xml</span>
          </div> <!-- main-panel-header rounded-window-top -->
          <div class="main-panel-content rounded-window-bottom">
            <pre>
&lt;?xml version=&quot;1.0&quot; encoding=&quot;UTF-8&quot;?&gt;
&lt;!DOCTYPE suite SYSTEM &quot;http://testng.org/testng-1.0.dtd&quot;&gt;
&lt;suite guice-stage=&quot;DEVELOPMENT&quot; verbose=&quot;0&quot; name=&quot;My Sample Suite&quot; parallel=&quot;tests&quot;&gt;
  &lt;test name=&quot;LoginTest&quot;&gt;
    &lt;classes&gt;
      &lt;class name=&quot;mam.ukma.com.testcases.LoginTest&quot;/&gt;
    &lt;/classes&gt;
  &lt;/test&gt; &lt;!-- LoginTest --&gt;
  &lt;test name=&quot;Meter Point Test&quot;&gt;
    &lt;classes&gt;
      &lt;class name=&quot;mam.ukma.com.testcases.JobTest&quot;/&gt;
    &lt;/classes&gt;
  &lt;/test&gt; &lt;!-- Meter Point Test --&gt;
  &lt;test name=&quot;Meter Point Test(failed)&quot; parallel=&quot;tests&quot;&gt;
    &lt;classes&gt;
      &lt;class name=&quot;mam.ukma.com.testcases.JobTest&quot;&gt;
        &lt;methods&gt;
          &lt;include name=&quot;quit&quot;/&gt;
          &lt;include name=&quot;createNewJob&quot; invocation-numbers=&quot;0 1 2 3 4 5 6&quot;/&gt;
        &lt;/methods&gt;
      &lt;/class&gt; &lt;!-- mam.ukma.com.testcases.JobTest --&gt;
      &lt;class name=&quot;mam.ukma.com.testcases.LoginTest&quot;&gt;
        &lt;methods&gt;
          &lt;include name=&quot;quit&quot;/&gt;
        &lt;/methods&gt;
      &lt;/class&gt; &lt;!-- mam.ukma.com.testcases.LoginTest --&gt;
    &lt;/classes&gt;
  &lt;/test&gt; &lt;!-- Meter Point Test(failed) --&gt;
  &lt;test name=&quot;LoginTest(failed)&quot; parallel=&quot;tests&quot;&gt;
    &lt;classes&gt;
      &lt;class name=&quot;mam.ukma.com.testcases.JobTest&quot;&gt;
        &lt;methods&gt;
          &lt;include name=&quot;quit&quot;/&gt;
        &lt;/methods&gt;
      &lt;/class&gt; &lt;!-- mam.ukma.com.testcases.JobTest --&gt;
      &lt;class name=&quot;mam.ukma.com.testcases.LoginTest&quot;&gt;
        &lt;methods&gt;
          &lt;include name=&quot;quit&quot;/&gt;
          &lt;include name=&quot;invalidLoginTest&quot; invocation-numbers=&quot;0 1 2&quot;/&gt;
        &lt;/methods&gt;
      &lt;/class&gt; &lt;!-- mam.ukma.com.testcases.LoginTest --&gt;
    &lt;/classes&gt;
  &lt;/test&gt; &lt;!-- LoginTest(failed) --&gt;
&lt;/suite&gt; &lt;!-- My Sample Suite --&gt;
            </pre>
          </div> <!-- main-panel-content rounded-window-bottom -->
        </div> <!-- panel -->
        <div panel-name="testlist-My_Sample_Suite" class="panel">
          <div class="main-panel-header rounded-window-top">
            <span class="header-content">Tests for My Sample Suite</span>
          </div> <!-- main-panel-header rounded-window-top -->
          <div class="main-panel-content rounded-window-bottom">
            <ul>
              <li>
                <span class="test-name">LoginTest (1 class)</span>
              </li>
              <li>
                <span class="test-name">Meter Point Test (1 class)</span>
              </li>
              <li>
                <span class="test-name">Meter Point Test(failed) (2 classes)</span>
              </li>
              <li>
                <span class="test-name">LoginTest(failed) (2 classes)</span>
              </li>
            </ul>
          </div> <!-- main-panel-content rounded-window-bottom -->
        </div> <!-- panel -->
        <div panel-name="group-My_Sample_Suite" class="panel">
          <div class="main-panel-header rounded-window-top">
            <span class="header-content">Groups for My Sample Suite</span>
          </div> <!-- main-panel-header rounded-window-top -->
          <div class="main-panel-content rounded-window-bottom">
          </div> <!-- main-panel-content rounded-window-bottom -->
        </div> <!-- panel -->
        <div panel-name="times-My_Sample_Suite" class="panel">
          <div class="main-panel-header rounded-window-top">
            <span class="header-content">Times for My Sample Suite</span>
          </div> <!-- main-panel-header rounded-window-top -->
          <div class="main-panel-content rounded-window-bottom">
            <div class="times-div">
              <script type="text/javascript">
suiteTableInitFunctions.push('tableData_My_Sample_Suite');
function tableData_My_Sample_Suite() {
var data = new google.visualization.DataTable();
data.addColumn('number', 'Number');
data.addColumn('string', 'Method');
data.addColumn('string', 'Class');
data.addColumn('number', 'Time (ms)');
data.addRows(10);
data.setCell(0, 0, 0)
data.setCell(0, 1, 'invalidLoginTest')
data.setCell(0, 2, 'mam.ukma.com.testcases.LoginTest')
data.setCell(0, 3, 55132);
data.setCell(1, 0, 1)
data.setCell(1, 1, 'invalidLoginTest')
data.setCell(1, 2, 'mam.ukma.com.testcases.LoginTest')
data.setCell(1, 3, 48683);
data.setCell(2, 0, 2)
data.setCell(2, 1, 'createNewJob')
data.setCell(2, 2, 'mam.ukma.com.testcases.JobTest')
data.setCell(2, 3, 48642);
data.setCell(3, 0, 3)
data.setCell(3, 1, 'invalidLoginTest')
data.setCell(3, 2, 'mam.ukma.com.testcases.LoginTest')
data.setCell(3, 3, 13442);
data.setCell(4, 0, 4)
data.setCell(4, 1, 'createNewJob')
data.setCell(4, 2, 'mam.ukma.com.testcases.JobTest')
data.setCell(4, 3, 13);
data.setCell(5, 0, 5)
data.setCell(5, 1, 'createNewJob')
data.setCell(5, 2, 'mam.ukma.com.testcases.JobTest')
data.setCell(5, 3, 4);
data.setCell(6, 0, 6)
data.setCell(6, 1, 'createNewJob')
data.setCell(6, 2, 'mam.ukma.com.testcases.JobTest')
data.setCell(6, 3, 2);
data.setCell(7, 0, 7)
data.setCell(7, 1, 'createNewJob')
data.setCell(7, 2, 'mam.ukma.com.testcases.JobTest')
data.setCell(7, 3, 1);
data.setCell(8, 0, 8)
data.setCell(8, 1, 'createNewJob')
data.setCell(8, 2, 'mam.ukma.com.testcases.JobTest')
data.setCell(8, 3, 1);
data.setCell(9, 0, 9)
data.setCell(9, 1, 'createNewJob')
data.setCell(9, 2, 'mam.ukma.com.testcases.JobTest')
data.setCell(9, 3, 1);
window.suiteTableData['My_Sample_Suite']= { tableData: data, tableDiv: 'times-div-My_Sample_Suite'}
return data;
}
              </script>
              <span class="suite-total-time">Total running time: 2 minutes</span>
              <div id="times-div-My_Sample_Suite">
              </div> <!-- times-div-My_Sample_Suite -->
            </div> <!-- times-div -->
          </div> <!-- main-panel-content rounded-window-bottom -->
        </div> <!-- panel -->
        <div panel-name="reporter-My_Sample_Suite" class="panel">
          <div class="main-panel-header rounded-window-top">
            <span class="header-content">Reporter output for My Sample Suite</span>
          </div> <!-- main-panel-header rounded-window-top -->
          <div class="main-panel-content rounded-window-bottom">
          </div> <!-- main-panel-content rounded-window-bottom -->
        </div> <!-- panel -->
        <div panel-name="ignored-methods-My_Sample_Suite" class="panel">
          <div class="main-panel-header rounded-window-top">
            <span class="header-content">0 ignored methods</span>
          </div> <!-- main-panel-header rounded-window-top -->
          <div class="main-panel-content rounded-window-bottom">
          </div> <!-- main-panel-content rounded-window-bottom -->
        </div> <!-- panel -->
        <div panel-name="chronological-My_Sample_Suite" class="panel">
          <div class="main-panel-header rounded-window-top">
            <span class="header-content">Methods in chronological order</span>
          </div> <!-- main-panel-header rounded-window-top -->
          <div class="main-panel-content rounded-window-bottom">
            <div class="chronological-class">
              <div class="chronological-class-name">mam.ukma.com.testcases.LoginTest</div> <!-- chronological-class-name -->
              <div class="test-method">
                <img src="failed.png">
                </img>
                <span class="method-name">invalidLoginTest(Y, Chrome, Admin, Globrin@313, SMS plc - Meter Assets)</span>
                <span class="method-start">0 ms</span>
              </div> <!-- test-method -->
            </div> <!-- chronological-class -->
            <div class="chronological-class">
              <div class="chronological-class-name">mam.ukma.com.testcases.JobTest</div> <!-- chronological-class-name -->
              <div class="test-method">
                <span class="method-name">createNewJob(N, Chrome, Domestic Transactional, Install, 5656555454, , * A Meter is already installed on this met...)</span>
                <span class="method-start">0 ms</span>
              </div> <!-- test-method -->
              <div class="configuration-method after">
                <span class="method-name">quit</span>
                <span class="method-start">15 ms</span>
              </div> <!-- configuration-method after -->
              <div class="test-method">
                <span class="method-name">createNewJob(N, Chrome, Domestic Transactional, Exchange, 1000000014, , * Cannot exchange meter as there is no ex...)</span>
                <span class="method-start">15 ms</span>
              </div> <!-- test-method -->
              <div class="configuration-method after">
                <span class="method-name">quit</span>
                <span class="method-start">17 ms</span>
              </div> <!-- configuration-method after -->
              <div class="test-method">
                <span class="method-name">createNewJob(N, Chrome, Domestic Transactional, Remove, 1000000014, , * Cannot remove meter as the meter does not...)</span>
                <span class="method-start">17 ms</span>
              </div> <!-- test-method -->
              <div class="configuration-method after">
                <span class="method-name">quit</span>
                <span class="method-start">22 ms</span>
              </div> <!-- configuration-method after -->
              <div class="test-method">
                <span class="method-name">createNewJob(N, Chrome, Domestic Transactional, Relocation, 1000000014, , Relocation can be done only with UKMA m...)</span>
                <span class="method-start">22 ms</span>
              </div> <!-- test-method -->
              <div class="configuration-method after">
                <span class="method-name">quit</span>
                <span class="method-start">25 ms</span>
              </div> <!-- configuration-method after -->
              <div class="test-method">
                <span class="method-name">createNewJob(N, Chrome, Domestic Transactional, Relocation_And_Exchange, 1000000014, , * Cannot relocate & exchan...)</span>
                <span class="method-start">26 ms</span>
              </div> <!-- test-method -->
              <div class="configuration-method after">
                <span class="method-name">quit</span>
                <span class="method-start">27 ms</span>
              </div> <!-- configuration-method after -->
              <div class="test-method">
                <span class="method-name">createNewJob(N, Chrome, Domestic Transactional, Relocation, 1011100014, , Relocation can be done only with UKMA m...)</span>
                <span class="method-start">28 ms</span>
              </div> <!-- test-method -->
              <div class="configuration-method after">
                <span class="method-name">quit</span>
                <span class="method-start">30 ms</span>
              </div> <!-- configuration-method after -->
              <div class="test-method">
                <img src="failed.png">
                </img>
                <span class="method-name">createNewJob(Y, Chrome, Domestic Transactional, Install, 1111110014, , Job Created Successfully!)</span>
                <span class="method-start">30 ms</span>
              </div> <!-- test-method -->
            </div> <!-- chronological-class -->
            <div class="chronological-class">
              <div class="chronological-class-name">mam.ukma.com.testcases.LoginTest</div> <!-- chronological-class-name -->
              <div class="test-method">
                <img src="failed.png">
                </img>
                <span class="method-name">invalidLoginTest(Y, Chrome, Culprit, random@123, * Invalid Username or Password!)</span>
                <span class="method-start">48698 ms</span>
              </div> <!-- test-method -->
            </div> <!-- chronological-class -->
            <div class="chronological-class">
              <div class="chronological-class-name">mam.ukma.com.testcases.JobTest</div> <!-- chronological-class-name -->
              <div class="configuration-method after">
                <span class="method-name">quit</span>
                <span class="method-start">48698 ms</span>
              </div> <!-- configuration-method after -->
            </div> <!-- chronological-class -->
            <div class="chronological-class">
              <div class="chronological-class-name">mam.ukma.com.testcases.LoginTest</div> <!-- chronological-class-name -->
              <div class="test-method">
                <img src="failed.png">
                </img>
                <span class="method-name">invalidLoginTest(y, Chrome, FMcNeil, random@123, Your account is temporary locked due to multiple login attempts. To ...)</span>
                <span class="method-start">103833 ms</span>
              </div> <!-- test-method -->
              <div class="configuration-test after">
                <span class="method-name">quit</span>
                <span class="method-start">117278 ms</span>
              </div> <!-- configuration-test after -->
          </div> <!-- main-panel-content rounded-window-bottom -->
        </div> <!-- panel -->
      </div> <!-- main-panel-root -->
    </div> <!-- wrapper -->
  </body>
</html>
