<?xml version="1.0" encoding="UTF-8"?>
<!-- Generated by org.testng.reporters.JUnitReportReporter -->
<testsuite hostname="hp" name="mam.ukma.com.testcases.JobTest" tests="6" failures="1" timestamp="26 Sep 2016 20:04:39 GMT" time="122.580" errors="0">
  <testcase name="createNewJob" time="25.304" classname="mam.ukma.com.testcases.JobTest">
    <failure type="java.lang.AssertionError" message="Web Element [[ChromeDriver: chrome on WIN8_1 (e010528fe63d156b44318676f600f16b)] -&gt; xpath: //select[@id=&#039;MainContent_ddlMeterWorkTypes&#039;]] is not present on the page! no such element: Unable to locate element: {&quot;method&quot;:&quot;xpath&quot;,&quot;selector&quot;:&quot;//select[@id=&#039;MainContent_ddlMeterWorkTypes&#039;]&quot;}
  (Session info: chrome=53.0.2785.116)
  (Driver info: chromedriver=2.20.353145 (343b531d31eeb933ec778dbcf7081628a1396067),platform=Windows NT 6.3 x86_64) (WARNING: The server did not provide any stacktrace information)
Command duration or timeout: 1.19 seconds
For documentation on this error, please visit: http://seleniumhq.org/exceptions/no_such_element.html
Build info: version: &#039;2.49.0&#039;, revision: &#039;365eeb44deba2067b1761c8862ef21d55250e063&#039;, time: &#039;2016-01-13 11:57:39&#039;
System info: host: &#039;hp&#039;, ip: &#039;192.168.43.142&#039;, os.name: &#039;Windows 8.1&#039;, os.arch: &#039;amd64&#039;, os.version: &#039;6.3&#039;, java.version: &#039;1.8.0_60&#039;
Driver info: org.openqa.selenium.chrome.ChromeDriver
Capabilities [{applicationCacheEnabled=false, rotatable=false, mobileEmulationEnabled=false, chrome={userDataDir=C:\Users\ANUPAM\AppData\Local\Temp\scoped_dir4396_31315}, takesHeapSnapshot=true, databaseEnabled=false, handlesAlerts=true, hasTouchScreen=false, version=53.0.2785.116, platform=WIN8_1, browserConnectionEnabled=false, nativeEvents=true, acceptSslCerts=true, locationContextEnabled=true, webStorageEnabled=true, browserName=chrome, takesScreenshot=true, javascriptEnabled=true, cssSelectorsEnabled=true}]
Session ID: e010528fe63d156b44318676f600f16b
*** Element info: {Using=xpath, value=//select[@id=&#039;MainContent_ddlMeterWorkTypes&#039;]}">
      <![CDATA[java.lang.AssertionError: Web Element [[ChromeDriver: chrome on WIN8_1 (e010528fe63d156b44318676f600f16b)] -> xpath: //select[@id='MainContent_ddlMeterWorkTypes']] is not present on the page! no such element: Unable to locate element: {"method":"xpath","selector":"//select[@id='MainContent_ddlMeterWorkTypes']"}
  (Session info: chrome=53.0.2785.116)
  (Driver info: chromedriver=2.20.353145 (343b531d31eeb933ec778dbcf7081628a1396067),platform=Windows NT 6.3 x86_64) (WARNING: The server did not provide any stacktrace information)
Command duration or timeout: 1.19 seconds
For documentation on this error, please visit: http://seleniumhq.org/exceptions/no_such_element.html
Build info: version: '2.49.0', revision: '365eeb44deba2067b1761c8862ef21d55250e063', time: '2016-01-13 11:57:39'
System info: host: 'hp', ip: '192.168.43.142', os.name: 'Windows 8.1', os.arch: 'amd64', os.version: '6.3', java.version: '1.8.0_60'
Driver info: org.openqa.selenium.chrome.ChromeDriver
Capabilities [{applicationCacheEnabled=false, rotatable=false, mobileEmulationEnabled=false, chrome={userDataDir=C:\Users\ANUPAM\AppData\Local\Temp\scoped_dir4396_31315}, takesHeapSnapshot=true, databaseEnabled=false, handlesAlerts=true, hasTouchScreen=false, version=53.0.2785.116, platform=WIN8_1, browserConnectionEnabled=false, nativeEvents=true, acceptSslCerts=true, locationContextEnabled=true, webStorageEnabled=true, browserName=chrome, takesScreenshot=true, javascriptEnabled=true, cssSelectorsEnabled=true}]
Session ID: e010528fe63d156b44318676f600f16b
*** Element info: {Using=xpath, value=//select[@id='MainContent_ddlMeterWorkTypes']}
	at org.testng.Assert.fail(Assert.java:94)
	at mam.ukma.com.util.Selenium.selectByVisibleText(Selenium.java:109)
	at mam.ukma.com.pages.WorkStreamSelectionPage.selectWorkStream(WorkStreamSelectionPage.java:40)
	at mam.ukma.com.testcases.JobTest.createNewJob(JobTest.java:40)
	at sun.reflect.NativeMethodAccessorImpl.invoke0(Native Method)
	at sun.reflect.NativeMethodAccessorImpl.invoke(NativeMethodAccessorImpl.java:62)
	at sun.reflect.DelegatingMethodAccessorImpl.invoke(DelegatingMethodAccessorImpl.java:43)
	at java.lang.reflect.Method.invoke(Method.java:497)
	at org.testng.internal.MethodInvocationHelper.invokeMethod(MethodInvocationHelper.java:86)
	at org.testng.internal.Invoker.invokeMethod(Invoker.java:643)
	at org.testng.internal.Invoker.invokeTestMethod(Invoker.java:820)
	at org.testng.internal.Invoker.invokeTestMethods(Invoker.java:1128)
	at org.testng.internal.TestMethodWorker.invokeTestMethods(TestMethodWorker.java:129)
	at org.testng.internal.TestMethodWorker.run(TestMethodWorker.java:112)
	at org.testng.TestRunner.privateRun(TestRunner.java:782)
	at org.testng.TestRunner.run(TestRunner.java:632)
	at org.testng.SuiteRunner.runTest(SuiteRunner.java:366)
	at org.testng.SuiteRunner.runSequentially(SuiteRunner.java:361)
	at org.testng.SuiteRunner.privateRun(SuiteRunner.java:319)
	at org.testng.SuiteRunner.run(SuiteRunner.java:268)
	at org.testng.SuiteRunnerWorker.runSuite(SuiteRunnerWorker.java:52)
	at org.testng.SuiteRunnerWorker.run(SuiteRunnerWorker.java:86)
	at org.testng.TestNG.runSuitesSequentially(TestNG.java:1244)
	at org.testng.TestNG.runSuitesLocally(TestNG.java:1169)
	at org.testng.TestNG.run(TestNG.java:1064)
	at org.apache.maven.surefire.testng.TestNGExecutor.run(TestNGExecutor.java:281)
	at org.apache.maven.surefire.testng.TestNGXmlTestSuite.execute(TestNGXmlTestSuite.java:75)
	at org.apache.maven.surefire.testng.TestNGProvider.invoke(TestNGProvider.java:121)
	at org.apache.maven.surefire.booter.ForkedBooter.invokeProviderInSameClassLoader(ForkedBooter.java:290)
	at org.apache.maven.surefire.booter.ForkedBooter.runSuitesInProcess(ForkedBooter.java:242)
	at org.apache.maven.surefire.booter.ForkedBooter.main(ForkedBooter.java:121)
]]>
    </failure>
  </testcase> <!-- createNewJob -->
  <testcase name="createNewJob" time="21.369" classname="mam.ukma.com.testcases.JobTest"/>
  <testcase name="createNewJob" time="13.847" classname="mam.ukma.com.testcases.JobTest"/>
  <testcase name="createNewJob" time="25.539" classname="mam.ukma.com.testcases.JobTest"/>
  <testcase name="createNewJob" time="15.681" classname="mam.ukma.com.testcases.JobTest"/>
  <testcase name="createNewJob" time="20.840" classname="mam.ukma.com.testcases.JobTest"/>
</testsuite> <!-- mam.ukma.com.testcases.JobTest -->
